{"logger":"org.springframework.boot.web.embedded.undertow.UndertowWebServer","level":"INFO","thread":"SpringApplicationShutdownHook","message":"Commencing graceful shutdown. Waiting for active requests to complete","timestamp":"2025-04-28T10:06:55.267+08:00","context":"lark-engine"}
{"logger":"org.springframework.boot.web.embedded.undertow.UndertowWebServer","level":"INFO","thread":"SpringApplicationShutdownHook","message":"Graceful shutdown complete","timestamp":"2025-04-28T10:06:55.292+08:00","context":"lark-engine"}
{"logger":"org.springframework.boot.web.embedded.undertow.UndertowWebServer","level":"INFO","thread":"SpringApplicationShutdownHook","message":"Commencing graceful shutdown. Waiting for active requests to complete","timestamp":"2025-04-28T10:06:55.294+08:00","context":"lark-engine"}
{"logger":"org.springframework.boot.web.embedded.undertow.UndertowWebServer","level":"INFO","thread":"SpringApplicationShutdownHook","message":"Graceful shutdown complete","timestamp":"2025-04-28T10:06:55.294+08:00","context":"lark-engine"}
{"logger":"io.undertow","level":"INFO","thread":"SpringApplicationShutdownHook","message":"stopping server: Undertow - 2.3.18.Final","timestamp":"2025-04-28T10:06:55.296+08:00","context":"lark-engine"}
{"logger":"io.undertow","level":"INFO","thread":"SpringApplicationShutdownHook","message":"stopping server: Undertow - 2.3.18.Final","timestamp":"2025-04-28T10:06:55.314+08:00","context":"lark-engine"}
{"logger":"com.dtctest.larkapitesting.LarkApiTestingApplication","level":"INFO","thread":"main","message":"Starting LarkApiTestingApplication using Java 17.0.14 with PID 96177 (/Users/kenneth.sim/Projects/lark-api-testing/target/classes started by kenneth.sim in /Users/kenneth.sim/Projects/lark-api-testing)","timestamp":"2025-04-28T10:12:40.380+08:00","context":"lark-engine"}
{"logger":"com.dtctest.larkapitesting.LarkApiTestingApplication","level":"INFO","thread":"main","message":"No active profile set, falling back to 1 default profile: \"default\"","timestamp":"2025-04-28T10:12:40.383+08:00","context":"lark-engine"}
{"logger":"org.springframework.core.io.support.PropertySourceProcessor","level":"INFO","thread":"main","message":"Properties location [classpath:git-info.properties] not resolvable: class path resource [git-info.properties] cannot be opened because it does not exist","timestamp":"2025-04-28T10:12:40.454+08:00","context":"lark-engine"}
{"logger":"io.undertow.servlet","level":"INFO","thread":"main","message":"Initializing Spring embedded WebApplicationContext","timestamp":"2025-04-28T10:12:40.692+08:00","context":"lark-engine"}
{"logger":"org.springframework.boot.web.servlet.context.ServletWebServerApplicationContext","level":"INFO","thread":"main","message":"Root WebApplicationContext: initialization completed in 295 ms","timestamp":"2025-04-28T10:12:40.693+08:00","context":"lark-engine"}
{"logger":"top.dtc.common.http.HTTP","level":"INFO","thread":"main","message":"[DTC Parent] HTTP initialized","timestamp":"2025-04-28T10:12:40.717+08:00","context":"lark-engine"}
{"logger":"com.dtctest.larkapitesting.LarkApiTestingApplication","level":"INFO","thread":"main","message":"application:    lark-engine\nparent version: ${app.parent-version}\nbranch:         \ncommit id:      \ncommit time:    null\nbuild version:  \nbuild time:     null","timestamp":"2025-04-28T10:12:44.036+08:00","context":"lark-engine"}
{"logger":"top.dtc.common.web.MethodFilter","level":"DEBUG","thread":"main","message":"Filter 'methodFilter' configured for use","timestamp":"2025-04-28T10:12:44.194+08:00","context":"lark-engine"}
{"logger":"io.undertow","level":"INFO","thread":"main","message":"starting server: Undertow - 2.3.18.Final","timestamp":"2025-04-28T10:12:44.195+08:00","context":"lark-engine"}
{"logger":"org.xnio","level":"INFO","thread":"main","message":"XNIO version 3.8.16.Final","timestamp":"2025-04-28T10:12:44.199+08:00","context":"lark-engine"}
{"logger":"org.xnio.nio","level":"INFO","thread":"main","message":"XNIO NIO Implementation Version 3.8.16.Final","timestamp":"2025-04-28T10:12:44.206+08:00","context":"lark-engine"}
{"logger":"org.jboss.threads","level":"INFO","thread":"main","message":"JBoss Threads version 3.5.0.Final","timestamp":"2025-04-28T10:12:44.219+08:00","context":"lark-engine"}
{"logger":"org.springframework.boot.web.embedded.undertow.UndertowWebServer","level":"INFO","thread":"main","message":"Undertow started on port 10003 (http) with context path '/'","timestamp":"2025-04-28T10:12:44.233+08:00","context":"lark-engine"}
{"logger":"io.undertow.servlet","level":"INFO","thread":"main","message":"Initializing Spring embedded WebApplicationContext","timestamp":"2025-04-28T10:12:44.271+08:00","context":"lark-engine"}
{"logger":"org.springframework.boot.web.servlet.context.ServletWebServerApplicationContext","level":"INFO","thread":"main","message":"Root WebApplicationContext: initialization completed in 36 ms","timestamp":"2025-04-28T10:12:44.271+08:00","context":"lark-engine"}
{"logger":"org.springframework.boot.actuate.endpoint.web.EndpointLinksResolver","level":"INFO","thread":"main","message":"Exposing 2 endpoints beneath base path '/actuator'","timestamp":"2025-04-28T10:12:44.277+08:00","context":"lark-engine"}
{"logger":"io.undertow","level":"INFO","thread":"main","message":"starting server: Undertow - 2.3.18.Final","timestamp":"2025-04-28T10:12:44.288+08:00","context":"lark-engine"}
{"logger":"org.springframework.boot.web.embedded.undertow.UndertowWebServer","level":"INFO","thread":"main","message":"Undertow started on port 1234 (http) with context path '/'","timestamp":"2025-04-28T10:12:44.290+08:00","context":"lark-engine"}
{"logger":"com.dtctest.larkapitesting.LarkApiTestingApplication","level":"INFO","thread":"main","message":"Started LarkApiTestingApplication in 4.038 seconds (process running for 9.482)","timestamp":"2025-04-28T10:12:44.292+08:00","context":"lark-engine"}
{"logger":"org.springframework.boot.web.embedded.undertow.UndertowWebServer","level":"INFO","thread":"SpringApplicationShutdownHook","message":"Commencing graceful shutdown. Waiting for active requests to complete","timestamp":"2025-04-28T10:18:13.912+08:00","context":"lark-engine"}
{"logger":"org.springframework.boot.web.embedded.undertow.UndertowWebServer","level":"INFO","thread":"SpringApplicationShutdownHook","message":"Graceful shutdown complete","timestamp":"2025-04-28T10:18:13.914+08:00","context":"lark-engine"}
{"logger":"org.springframework.boot.web.embedded.undertow.UndertowWebServer","level":"INFO","thread":"SpringApplicationShutdownHook","message":"Commencing graceful shutdown. Waiting for active requests to complete","timestamp":"2025-04-28T10:18:13.915+08:00","context":"lark-engine"}
{"logger":"org.springframework.boot.web.embedded.undertow.UndertowWebServer","level":"INFO","thread":"SpringApplicationShutdownHook","message":"Graceful shutdown complete","timestamp":"2025-04-28T10:18:13.915+08:00","context":"lark-engine"}
{"logger":"io.undertow","level":"INFO","thread":"SpringApplicationShutdownHook","message":"stopping server: Undertow - 2.3.18.Final","timestamp":"2025-04-28T10:18:13.915+08:00","context":"lark-engine"}
{"logger":"io.undertow","level":"INFO","thread":"SpringApplicationShutdownHook","message":"stopping server: Undertow - 2.3.18.Final","timestamp":"2025-04-28T10:18:13.921+08:00","context":"lark-engine"}
